<?xml version="1.0" encoding="UTF-8"?>
<!-- Generated by org.testng.reporters.JUnitReportReporter -->
<testsuite skipped="0" hostname="PoornaSowji-PC" name="Docker_Selenium.Selenium" tests="1" failures="0" timestamp="2019-12-18T21:44:05 AEDT" time="11.918" errors="0">
  <testcase name="user_logged_into_application" time="11.918" classname="Docker_Selenium.Selenium"/>
</testsuite> <!-- Docker_Selenium.Selenium -->
